<?xml version="1.0" encoding="UTF-8"?>
<!-- Generated by org.testng.reporters.JUnitReportReporter -->
<testsuite hostname="NOTE-3283AGD" failures="0" tests="1" name="Edit.EducacionIT.Laboratorio3" time="36.248" errors="0" timestamp="2022-06-07T20:51:03 ART" skipped="0">
  <testcase classname="Edit.EducacionIT.Laboratorio3" name="registrarUsusario" time="36.248"/>
  <system-out/>
</testsuite> <!-- Edit.EducacionIT.Laboratorio3 -->
