<?xml version="1.0" encoding="UTF-8"?>
<!-- Generated by org.testng.reporters.JUnitReportReporter -->
<testsuite hostname="NOTE-3283AGD" failures="0" tests="2" name="Pruebas.Laboratorio7" time="11.133" errors="0" timestamp="2022-06-08T15:15:59 ART" skipped="0">
  <testcase classname="Pruebas.Laboratorio7" name="login" time="6.531"/>
  <system-out/>
  <testcase classname="Pruebas.Laboratorio7" name="buscarPalabra" time="4.602"/>
  <system-out/>
</testsuite> <!-- Pruebas.Laboratorio7 -->
