<?xml version="1.0" encoding="UTF-8"?>
<!-- Generated by org.testng.reporters.JUnitReportReporter -->
<testsuite hostname="NOTE-3283AGD" failures="0" tests="1" name="Edit.EducacionIT.AppTest" time="0.072" errors="0" timestamp="2022-05-20T21:31:25 ART" skipped="0">
  <testcase classname="Edit.EducacionIT.AppTest" name="ImprimirEnConsola" time="0.072"/>
  <system-out/>
</testsuite> <!-- Edit.EducacionIT.AppTest -->
