<?xml version="1.0" encoding="UTF-8"?>
<!-- Generated by org.testng.reporters.JUnitReportReporter -->
<testsuite hostname="NOTE-3283AGD" failures="0" tests="1" name="Pruebas.Laboratorio9" time="1.052" errors="0" timestamp="2022-06-08T20:21:52 ART" skipped="0">
  <testcase classname="Pruebas.Laboratorio9" name="imprimirValoresTabla" time="1.052"/>
  <system-out/>
</testsuite> <!-- Pruebas.Laboratorio9 -->
