<?xml version="1.0" encoding="UTF-8"?>
<!-- Generated by org.testng.reporters.JUnitReportReporter -->
<testsuite hostname="NOTE-3283AGD" failures="0" tests="1" name="Edit.EducacionIT.Laboratorio6b" time="10.678" errors="0" timestamp="2022-05-28T18:47:40 ART" skipped="0">
  <testcase classname="Edit.EducacionIT.Laboratorio6b" name="buscarPalabraConDocumentoEvidencia" time="10.678"/>
  <system-out/>
</testsuite> <!-- Edit.EducacionIT.Laboratorio6b -->
